Using pre-set license
Built from '2021.1/staging' branch; Version is '2021.1.15f1 (e767a7370072) revision 15165351'; Using compiler version '192528614'; Build Type 'Release'
OS: 'Windows 10 Pro; OS build 19043.1237; Version 2009; 64bit' Language: 'en' Physical Memory: 16325 MB
BatchMode: 1, IsHumanControllingUs: 0, StartBugReporterOnCrash: 0, Is64bit: 1, IsPro: 0

 COMMAND LINE ARGUMENTS:
C:\Program Files\Unity\Hub\Editor\2019.4.7f1\Editor\2020.2.2f1\Editor\2021.1.15f1\Editor\Unity.exe
-adb2
-batchMode
-noUpm
-name
AssetImportWorker0
-projectPath
E:/Columbia/Fall_2021/Game_345_Prep/Week6_QuizExample/NewInputSystemUsing2021
-logFile
Logs/AssetImportWorker0.log
-srvPort
60754
Successfully changed project path to: E:/Columbia/Fall_2021/Game_345_Prep/Week6_QuizExample/NewInputSystemUsing2021
E:/Columbia/Fall_2021/Game_345_Prep/Week6_QuizExample/NewInputSystemUsing2021
Using Asset Import Pipeline V2.
Refreshing native plugins compatible for Editor in 111.77 ms, found 3 plugins.
Preloading 0 native plugins for Editor in 0.00 ms.
Initialize engine version: 2021.1.15f1 (e767a7370072)
[Subsystems] Discovering subsystems at path C:/Program Files/Unity/Hub/Editor/2019.4.7f1/Editor/2020.2.2f1/Editor/2021.1.15f1/Editor/Data/Resources/UnitySubsystems
[Subsystems] Discovering subsystems at path E:/Columbia/Fall_2021/Game_345_Prep/Week6_QuizExample/NewInputSystemUsing2021/Assets
GfxDevice: creating device client; threaded=0; jobified=0
Direct3D:
    Version:  Direct3D 11.0 [level 11.1]
    Renderer: NVIDIA GeForce GTX 1070 (ID=0x1b81)
    Vendor:   NVIDIA
    VRAM:     8088 MB
    Driver:   30.0.14.7212
Initialize mono
Mono path[0] = 'C:/Program Files/Unity/Hub/Editor/2019.4.7f1/Editor/2020.2.2f1/Editor/2021.1.15f1/Editor/Data/Managed'
Mono path[1] = 'C:/Program Files/Unity/Hub/Editor/2019.4.7f1/Editor/2020.2.2f1/Editor/2021.1.15f1/Editor/Data/MonoBleedingEdge/lib/mono/unityjit'
Mono config path = 'C:/Program Files/Unity/Hub/Editor/2019.4.7f1/Editor/2020.2.2f1/Editor/2021.1.15f1/Editor/Data/MonoBleedingEdge/etc'
Using monoOptions --debugger-agent=transport=dt_socket,embedding=1,server=y,suspend=n,address=127.0.0.1:56168
Begin MonoManager ReloadAssembly
Registering precompiled unity dll's ...
Register platform support module: C:/Program Files/Unity/Hub/Editor/2019.4.7f1/Editor/2020.2.2f1/Editor/2021.1.15f1/Editor/Data/PlaybackEngines/WindowsStandaloneSupport/UnityEditor.WindowsStandalone.Extensions.dll
Registered in 0.003304 seconds.
Native extension for WindowsStandalone target not found
Refreshing native plugins compatible for Editor in 119.75 ms, found 3 plugins.
Preloading 0 native plugins for Editor in 0.00 ms.
Mono: successfully reloaded assembly
- Completed reload, in  2.018 seconds
Domain Reload Profiling:
	ReloadAssembly (2018ms)
		BeginReloadAssembly (86ms)
			ExecutionOrderSort (0ms)
			DisableScriptedObjects (0ms)
			BackupInstance (0ms)
			ReleaseScriptingObjects (0ms)
			CreateAndSetChildDomain (2ms)
		EndReloadAssembly (701ms)
			LoadAssemblies (81ms)
			RebuildTransferFunctionScriptingTraits (0ms)
			SetupTypeCache (245ms)
			ReleaseScriptCaches (0ms)
			RebuildScriptCaches (55ms)
			SetupLoadedEditorAssemblies (326ms)
				LogAssemblyErrors (0ms)
				InitializePlatformSupportModulesInManaged (10ms)
				SetLoadedEditorAssemblies (0ms)
				RefreshPlugins (120ms)
				BeforeProcessingInitializeOnLoad (2ms)
				ProcessInitializeOnLoadAttributes (152ms)
				ProcessInitializeOnLoadMethodAttributes (42ms)
				AfterProcessingInitializeOnLoad (0ms)
				EditorAssembliesLoaded (0ms)
			ExecutionOrderSort2 (0ms)
			AwakeInstancesAfterBackupRestoration (0ms)
Platform modules already initialized, skipping
Registering precompiled user dll's ...
Registered in 0.008863 seconds.
Begin MonoManager ReloadAssembly
Native extension for WindowsStandalone target not found
Refreshing native plugins compatible for Editor in 99.16 ms, found 3 plugins.
Preloading 0 native plugins for Editor in 0.00 ms.
Mono: successfully reloaded assembly
- Completed reload, in  1.947 seconds
Domain Reload Profiling:
	ReloadAssembly (1948ms)
		BeginReloadAssembly (178ms)
			ExecutionOrderSort (0ms)
			DisableScriptedObjects (6ms)
			BackupInstance (0ms)
			ReleaseScriptingObjects (0ms)
			CreateAndSetChildDomain (25ms)
		EndReloadAssembly (1697ms)
			LoadAssemblies (450ms)
			RebuildTransferFunctionScriptingTraits (0ms)
			SetupTypeCache (436ms)
			ReleaseScriptCaches (1ms)
			RebuildScriptCaches (69ms)
			SetupLoadedEditorAssemblies (601ms)
				LogAssemblyErrors (0ms)
				InitializePlatformSupportModulesInManaged (5ms)
				SetLoadedEditorAssemblies (0ms)
				RefreshPlugins (99ms)
				BeforeProcessingInitializeOnLoad (93ms)
				ProcessInitializeOnLoadAttributes (382ms)
				ProcessInitializeOnLoadMethodAttributes (8ms)
				AfterProcessingInitializeOnLoad (13ms)
				EditorAssembliesLoaded (0ms)
			ExecutionOrderSort2 (0ms)
			AwakeInstancesAfterBackupRestoration (11ms)
Platform modules already initialized, skipping
========================================================================
Worker process is ready to serve import requests
Launched and connected shader compiler UnityShaderCompiler.exe after 0.09 seconds
Refreshing native plugins compatible for Editor in 1.04 ms, found 3 plugins.
Preloading 0 native plugins for Editor in 0.00 ms.
Unloading 3238 Unused Serialized files (Serialized files now loaded: 0)
System memory in use before: 119.4 MB.
System memory in use after: 119.6 MB.

Unloading 25 unused Assets to reduce memory usage. Loaded Objects now: 3684.
Total: 3.162800 ms (FindLiveObjects: 0.249200 ms CreateObjectMapping: 0.237000 ms MarkObjects: 2.594900 ms  DeleteObjects: 0.080700 ms)

AssetImportParameters requested are different than current active one (requested -> active):
  custom:framework-win-MediaFoundation: 216162199b28c13a410421893ffa2e32 -> 
  custom:video-decoder-ogg-theora: a1e56fd34408186e4bbccfd4996cb3dc -> 
  custom:container-muxer-webm: aa71ff27fc2769a1b78a27578f13a17b -> 
  custom:container-demuxer-webm: 4f35f7cbe854078d1ac9338744f61a02 -> 
  custom:container-demuxer-ogg: 62fdf1f143b41e24485cea50d1cbac27 -> 
  custom:video-encoder-webm-vp8: eb34c28f22e8b96e1ab97ce403110664 -> 
  custom:video-codec-MediaFoundation-h265: 746d11721c4dcdbdad8f713fa42b33f4 -> 
  custom:video-decoder-webm-vp8: 9c59270c3fd7afecdb556c50c9e8de78 -> 
  custom:audio-decoder-ogg-vorbis: bf7c407c2cedff20999df2af8eb42d56 -> 
  custom:audio-encoder-webm-vorbis: bf7c407c2cedff20999df2af8eb42d56 -> 
========================================================================
Received Import Request.
  path: Assets/InputSystem.inputsettings.asset
  artifactKey: Guid(dde86ff29ab253044975f719e34fc0e3) Importer(815301076,1909f56bfc062723c751e8b465ee728b)
Start importing Assets/InputSystem.inputsettings.asset using Guid(dde86ff29ab253044975f719e34fc0e3) Importer(815301076,1909f56bfc062723c751e8b465ee728b)  -> (artifact id: '3e994d1432c1bb9499d254afd99fa58c') in 0.064389 seconds 
========================================================================
Received Import Request.
  Time since last request: 175.049806 seconds.
  path: Assets/InputS
  artifactKey: Guid(b86fbb97510f02c449d773dd635ab271) Importer(815301076,1909f56bfc062723c751e8b465ee728b)
Start importing Assets/InputS using Guid(b86fbb97510f02c449d773dd635ab271) Importer(815301076,1909f56bfc062723c751e8b465ee728b)  -> (artifact id: '7e6be775e711fe3c00da3a2b8eb77f06') in 0.003368 seconds 
========================================================================
Received Import Request.
  Time since last request: 21.090271 seconds.
  path: Assets/InputS/NewInputSystemUsing2021.inputactions
  artifactKey: Guid(a593686baa3f44143a486827161e7bf8) Importer(815301076,1909f56bfc062723c751e8b465ee728b)
Start importing Assets/InputS/NewInputSystemUsing2021.inputactions using Guid(a593686baa3f44143a486827161e7bf8) Importer(815301076,1909f56bfc062723c751e8b465ee728b)  -> (artifact id: '9d252b62bf5310e2e07ba60c7ce9632a') in 0.022206 seconds 
========================================================================
Received Import Request.
  Time since last request: 49.743770 seconds.
  path: Assets/InputS/NewInputSystemUsing2021 1.inputactions
  artifactKey: Guid(4438fd8b33618fb4f8794fdc633fb1d2) Importer(815301076,1909f56bfc062723c751e8b465ee728b)
Start importing Assets/InputS/NewInputSystemUsing2021 1.inputactions using Guid(4438fd8b33618fb4f8794fdc633fb1d2) Importer(815301076,1909f56bfc062723c751e8b465ee728b)  -> (artifact id: '981e05dc75ecdb029beaa6beedc90813') in 0.009267 seconds 
AssetImportWorkerClient::OnTransportError - code=2 error=End of file
